<?xml version="1.0" encoding="UTF-8"?>
<testng-results ignored="0" total="2" passed="2" failed="0" skipped="0">
  <reporter-output>
  </reporter-output>
  <suite started-at="2022-03-29T15:06:20 IST" name="Suite" finished-at="2022-03-29T15:06:20 IST" duration-ms="115">
    <groups>
    </groups>
    <test started-at="2022-03-29T15:06:20 IST" name="Test" finished-at="2022-03-29T15:06:20 IST" duration-ms="115">
      <class name="devopsschool.mavensession.AppiumTest">
        <test-method signature="PostHPALM()[pri:0, instance:devopsschool.mavensession.AppiumTest@72035809]" started-at="2022-03-29T15:06:20 IST" name="PostHPALM" finished-at="2022-03-29T15:06:20 IST" duration-ms="9" status="PASS">
          <reporter-output>
          </reporter-output>
        </test-method> <!-- PostHPALM -->
        <test-method signature="deletewhatsapp()[pri:0, instance:devopsschool.mavensession.AppiumTest@72035809]" started-at="2022-03-29T15:06:20 IST" name="deletewhatsapp" finished-at="2022-03-29T15:06:20 IST" duration-ms="1" status="PASS">
          <reporter-output>
          </reporter-output>
        </test-method> <!-- deletewhatsapp -->
      </class> <!-- devopsschool.mavensession.AppiumTest -->
    </test> <!-- Test -->
  </suite> <!-- Suite -->
</testng-results>
