<?xml version="1.0" encoding="UTF-8"?>
<testsuite xmlns:xsi="http://www.w3.org/2001/XMLSchema-instance" xsi:noNamespaceSchemaLocation="https://maven.apache.org/surefire/maven-surefire-plugin/xsd/surefire-test-report-3.0.xsd" version="3.0" name="TestSuite" time="1.492" tests="2" errors="0" skipped="0" failures="0">
  <properties>
[...]
</properties>
  <testcase name="PostHPALM" classname="devopsschool.mavensession.AppiumTest" time="0.003">
    <system-out><![CDATA[15:06:19,069 |-INFO in ch.qos.logback.classic.LoggerContext[default] - Could NOT find resource [logback.groovy]
15:06:19,071 |-INFO in ch.qos.logback.classic.LoggerContext[default] - Could NOT find resource [logback-test.xml]
15:06:19,072 |-INFO in ch.qos.logback.classic.LoggerContext[default] - Found resource [logback.xml] at [jar:file:/C:/Users/HP/.m2/repository/com/comcast/magic-wand/core/4.0.3/core-4.0.3.jar!/logback.xml]
15:06:19,112 |-INFO in ch.qos.logback.core.joran.spi.ConfigurationWatchList@36bc55de - URL [jar:file:/C:/Users/HP/.m2/repository/com/comcast/magic-wand/core/4.0.3/core-4.0.3.jar!/logback.xml] is not of type file
15:06:19,357 |-INFO in ch.qos.logback.classic.joran.action.ConfigurationAction - debug attribute not set
15:06:19,388 |-INFO in ch.qos.logback.core.joran.action.AppenderAction - About to instantiate appender of type [ch.qos.logback.core.ConsoleAppender]
15:06:19,392 |-INFO in ch.qos.logback.core.joran.action.AppenderAction - Naming appender as [A1]
15:06:19,451 |-ERROR in ch.qos.logback.core.joran.spi.Interpreter@23:17 - no applicable action for [follow], current ElementPath  is [[configuration][appender][follow]]
15:06:19,454 |-INFO in ch.qos.logback.core.joran.action.NestedComplexPropertyIA - Assuming default type [ch.qos.logback.classic.encoder.PatternLayoutEncoder] for [encoder] property
15:06:19,524 |-INFO in ch.qos.logback.classic.joran.action.LoggerAction - Setting level of logger [org.apache] to ERROR
15:06:19,524 |-INFO in ch.qos.logback.classic.joran.action.LoggerAction - Setting level of logger [httpclient.wire] to ERROR
15:06:19,525 |-INFO in ch.qos.logback.classic.joran.action.RootLoggerAction - Setting level of ROOT logger to DEBUG
15:06:19,525 |-INFO in ch.qos.logback.core.joran.action.AppenderRefAction - Attaching appender named [A1] to Logger[ROOT]
15:06:19,526 |-INFO in ch.qos.logback.classic.joran.action.ConfigurationAction - End of configuration.
15:06:19,528 |-INFO in ch.qos.logback.classic.joran.JoranConfigurator@564fabc8 - Registering current configuration as safe fallback point

[MagicWand-DEBUG](main) org.testng.TestNG - suiteXmlPath: "C:\Users\HP\eclipse-workspace\mavensession\smoke.xml"
[MagicWand-DEBUG](main) org.testng.internal.Graph - [Graph] ADDING NODE AppiumTest.PostHPALM()[pri:0, instance:devopsschool.mavensession.AppiumTest@72035809] 528643464
[MagicWand-DEBUG](main) org.testng.internal.Graph - [Graph] ADDING NODE AppiumTest.deletewhatsapp()[pri:0, instance:devopsschool.mavensession.AppiumTest@72035809] -80143259
[MagicWand-DEBUG](main) org.testng.internal.Graph - [Graph] ================ SORTING
[MagicWand-DEBUG](main) org.testng.internal.Graph - [Graph] =============== DONE SORTING
[MagicWand-DEBUG](main) org.testng.internal.Graph - [Graph] ====== SORTED NODES
[MagicWand-DEBUG](main) org.testng.internal.Graph - [Graph] ====== END SORTED NODES
I am in PostHPALM 
]]></system-out>
  </testcase>
  <testcase name="deletewhatsapp" classname="devopsschool.mavensession.AppiumTest" time="0">
    <system-out><![CDATA[I am in deletewhatsapp 
]]></system-out>
  </testcase>
</testsuite>